<?xml version="1.0" encoding="UTF-8"?>
<testng-results ignored="0" total="1" passed="1" failed="0" skipped="0">
  <reporter-output>
  </reporter-output>
  <suite started-at="2022-12-17T15:03:08 IST" name="Default suite" finished-at="2022-12-17T15:03:12 IST" duration-ms="4390">
    <groups>
    </groups>
    <test started-at="2022-12-17T15:03:08 IST" name="Default test" finished-at="2022-12-17T15:03:12 IST" duration-ms="4390">
      <class name="testCases.AmazonLogin">
        <test-method signature="Login()[pri:0, instance:testCases.AmazonLogin@3e11f9e9]" started-at="2022-12-17T15:03:08 IST" name="Login" finished-at="2022-12-17T15:03:12 IST" duration-ms="4360" status="PASS">
          <reporter-output>
          </reporter-output>
        </test-method> <!-- Login -->
      </class> <!-- testCases.AmazonLogin -->
    </test> <!-- Default test -->
  </suite> <!-- Default suite -->
</testng-results>
